error: undefined
error: undefined
error: undefined
error: undefined {"cause":"One or more properties were incomplete or not valid.\n        list of requires properties\n        - Product: product not found, recived [object Object]\n        - Product not added: can't add new product to database\n        - Product no deleted: not found a product to delete\n    ","code":3,"name":"Product creation error"}
error: undefined {"cause":"One or more properties were incomplete or not valid.\n        list of requires properties\n        - Product: product not found, recived [object Object]\n        - Product not added: can't add new product to database\n        - Product no deleted: not found a product to delete\n    ","code":3,"name":"Product creation error"}
error: undefined
error: undefined
error: undefined
error: undefined
error: undefined
error: undefined
error: undefined
error: undefined
error: undefined
error: undefined
error: undefined
error: undefined
error: undefined
error: undefined
error: undefined
error: undefined
error: undefined
error: undefined
error: undefined
error: undefined
error: undefined
error: undefined
error: undefined
error: undefined
error: undefined
error: undefined
error: undefined
error: undefined
error: undefined
error: undefined
error: undefined
error: undefined
error: undefined
error: undefined
error: undefined
error: undefined
error: undefined
error: undefined
error: undefined
error: undefined
error: undefined
error: undefined
error: undefined
error: undefined
error: undefined
error: undefined
error: undefined
error: undefined
error: undefined
error: undefined
error: undefined
error: undefined
error: undefined
error: undefined
error: undefined
error: undefined
error: undefined
error: undefined
error: undefined
error: undefined
error: undefined
error: undefined
error: undefined
error: undefined
error: undefined
error: undefined
error: undefined
error: undefined
error: undefined
error: undefined
error: undefined
error: undefined
error: undefined
error: undefined
error: undefined
error: undefined
error: undefined
error: undefined
error: undefined
error: undefined
error: undefined {"cause":"One or more properties were incomplete or not valid.\n        list of requires properties\n        - Product: product not found, recived [object Object]\n        - Product not added: can't add new product to database\n        - Product no deleted: not found a product to delete\n    ","code":3,"name":"Product creation error"}
error: undefined {"cause":"One or more properties were incomplete or not valid.\n        list of requires properties\n        - Product: product not found, recived [object Object]\n        - Product not added: can't add new product to database\n        - Product no deleted: not found a product to delete\n    ","code":3,"name":"Product creation error"}
error: undefined {"cause":"One or more properties were incomplete or not valid.\n        list of requires properties\n        - Product: product not found, recived [object Object]\n        - Product not added: can't add new product to database\n        - Product no deleted: not found a product to delete\n    ","code":3,"name":"Product creation error"}
error: undefined {"cause":"One or more properties were incomplete or not valid.\n        list of requires properties\n        - Product: product not found, recived [object Object]\n        - Product not added: can't add new product to database\n        - Product no deleted: not found a product to delete\n    ","code":3,"name":"Product creation error"}
error: Missing helper: "views/update/" {"name":"Error"}
error: undefined {"cause":"One or more properties were incomplete or not valid.\n        list of requires properties\n        - Product: product not found, recived [object Object]\n        - Product not added: can't add new product to database\n        - Product no deleted: not found a product to delete\n    ","code":3,"name":"Product creation error"}
error: undefined {"cause":"One or more properties were incomplete or not valid.\n        list of requires properties\n        - Product: product not found, recived [object Object]\n        - Product not added: can't add new product to database\n        - Product no deleted: not found a product to delete\n    ","code":3,"name":"Product creation error"}
error: undefined {"cause":"One or more properties were incomplete or not valid.\n        list of requires properties\n        - Product: product not found, recived [object Object]\n        - Product not added: can't add new product to database\n        - Product no deleted: not found a product to delete\n    ","code":3,"name":"Product creation error"}
error: undefined {"cause":"One or more properties were incomplete or not valid.\n        list of requires properties\n        - Product: product not found, recived [object Object]\n        - Product not added: can't add new product to database\n        - Product no deleted: not found a product to delete\n    ","code":3,"name":"Product creation error"}
error: undefined {"cause":"One or more properties were incomplete or not valid.\n        list of requires properties\n        - Product: product not found, recived [object Object]\n        - Product not added: can't add new product to database\n        - Product no deleted: not found a product to delete\n    ","code":3,"name":"Product creation error"}
error: undefined {"cause":"One or more properties were incomplete or not valid.\n        list of requires properties\n        - Product: product not found, recived [object Object]\n        - Product not added: can't add new product to database\n        - Product no deleted: not found a product to delete\n    ","code":3,"name":"Product creation error"}
error: undefined {"cause":"One or more properties were incomplete or not valid.\n        list of requires properties\n        - Product: product not found, recived [object Object]\n        - Product not added: can't add new product to database\n        - Product no deleted: not found a product to delete\n    ","code":3,"name":"Product creation error"}
error: undefined {"cause":"One or more properties were incomplete or not valid.\n        list of requires properties\n        - Product: product not found, recived [object Object]\n        - Product not added: can't add new product to database\n        - Product no deleted: not found a product to delete\n    ","code":3,"name":"Product creation error"}
error: undefined {"cause":"One or more properties were incomplete or not valid.\n        list of requires properties\n        - Product: product not found, recived [object Object]\n        - Product not added: can't add new product to database\n        - Product no deleted: not found a product to delete\n    ","code":3,"name":"Product creation error"}
error: undefined {"cause":"One or more properties were incomplete or not valid.\n        list of requires properties\n        - Product: product not found, recived [object Object]\n        - Product not added: can't add new product to database\n        - Product no deleted: not found a product to delete\n    ","code":3,"name":"Product creation error"}
error: undefined {"cause":"One or more properties were incomplete or not valid.\n        list of requires properties\n        - Product: product not found, recived [object Object]\n        - Product not added: can't add new product to database\n        - Product no deleted: not found a product to delete\n    ","code":3,"name":"Product creation error"}
error: undefined {"cause":"One or more properties were incomplete or not valid.\n        list of requires properties\n        - Product: product not found, recived [object Object]\n        - Product not added: can't add new product to database\n        - Product no deleted: not found a product to delete\n    ","code":3,"name":"Product creation error"}
error: undefined {"cause":"One or more properties were incomplete or not valid.\n        list of requires properties\n        - Product: product not found, recived [object Object]\n        - Product not added: can't add new product to database\n        - Product no deleted: not found a product to delete\n    ","code":3,"name":"Product creation error"}
error: undefined {"cause":"One or more properties were incomplete or not valid.\n        list of requires properties\n        - Product: product not found, recived [object Object]\n        - Product not added: can't add new product to database\n        - Product no deleted: not found a product to delete\n    ","code":3,"name":"Product creation error"}
error: undefined {"cause":"One or more properties were incomplete or not valid.\n        list of requires properties\n        - Product: product not found, recived [object Object]\n        - Product not added: can't add new product to database\n        - Product no deleted: not found a product to delete\n    ","code":3,"name":"Product creation error"}
error: undefined {"cause":"One or more properties were incomplete or not valid.\n        list of requires properties\n        - Product: product not found, recived [object Object]\n        - Product not added: can't add new product to database\n        - Product no deleted: not found a product to delete\n    ","code":3,"name":"Product creation error"}
error: undefined {"cause":"One or more properties were incomplete or not valid.\n        list of requires properties\n        - Product: product not found, recived [object Object]\n        - Product not added: can't add new product to database\n        - Product no deleted: not found a product to delete\n    ","code":3,"name":"Product creation error"}
error: undefined {"cause":"One or more properties were incomplete or not valid.\n        list of requires properties\n        - Product: product not found, recived [object Object]\n        - Product not added: can't add new product to database\n        - Product no deleted: not found a product to delete\n    ","code":3,"name":"Product creation error"}
error: undefined {"cause":"One or more properties were incomplete or not valid.\n        list of requires properties\n        - Product: product not found, recived [object Object]\n        - Product not added: can't add new product to database\n        - Product no deleted: not found a product to delete\n    ","code":3,"name":"Product creation error"}
error: undefined {"cause":"One or more properties were incomplete or not valid.\n        list of requires properties\n        - Product: product not found, recived [object Object]\n        - Product not added: can't add new product to database\n        - Product no deleted: not found a product to delete\n    ","code":3,"name":"Product creation error"}
error: undefined {"code":11000,"index":0,"keyPattern":{"code":1},"keyValue":{"code":"ref.lucas.2d06"}}
error: undefined {"code":11000,"index":0,"keyPattern":{"code":1},"keyValue":{"code":"ref.lucas.2d06"}}
error: undefined {"code":"ERR_HTTP_HEADERS_SENT"}
error: undefined {"code":"ERR_HTTP_HEADERS_SENT"}
error: undefined {"code":"ERR_HTTP_HEADERS_SENT"}
error: undefined {"code":"ERR_HTTP_HEADERS_SENT"}
